#
# A fatal error has been detected by the Java Runtime Environment:
#
#  SIGSEGV (0xb) at pc=0x00007f2b31bfd461, pid=19021, tid=0x00007f2b0aac4700
#
# JRE version: OpenJDK Runtime Environment (8.0_332-b09) (build 1.8.0_332-8u332-ga-1~deb9u1-b09)
# Java VM: OpenJDK 64-Bit Server VM (25.332-b09 mixed mode linux-amd64 compressed oops)
# Problematic frame:
# V  [libjvm.so+0x3e4461]
#
# Failed to write core dump. Core dumps have been disabled. To enable core dumping, try "ulimit -c unlimited" before starting Java again
#
# If you would like to submit a bug report, please visit:
#   http://bugreport.java.com/bugreport/crash.jsp
#

---------------  T H R E A D  ---------------

Current thread (0x00007f2b2c0c1800):  JavaThread "C2 CompilerThread1" daemon [_thread_in_native, id=19036, stack(0x00007f2b0a9c5000,0x00007f2b0aac5000)]

siginfo: si_signo: 11 (SIGSEGV), si_code: 1 (SEGV_MAPERR), si_addr: 0x00007f2a992a9bd0

Registers:
RAX=0x00007f2ae87445b0, RBX=0x0000000000000001, RCX=0xffffffffec2d9588, RDX=0x00007f2b0aac08a0
RSP=0x00007f2b0aac0750, RBP=0x00007f2b0aac07c0, RSI=0x00007f2aec810f80, RDI=0x00007f2ae8c8a220
R8 =0x00007f2ae8dbf1a8, R9 =0x00007f2ae80b4900, R10=0x000000003f3fffff, R11=0x0000000000000206
R12=0x0000000000000010, R13=0x00007f2ae8d1c598, R14=0x00007f2b0aac0b40, R15=0x00007f2ae8c8a220
RIP=0x00007f2b31bfd461, EFLAGS=0x0000000000010202, CSGSFS=0x002b000000000033, ERR=0x0000000000000004
  TRAPNO=0x000000000000000e

Top of Stack: (sp=0x00007f2b0aac0750)
0x00007f2b0aac0750:   00007f2b0aac0780 ffffffff00000084
0x00007f2b0aac0760:   ffffffff00000005 00007f2aec810f80
0x00007f2b0aac0770:   00007f2aec8deb18 00007f2af400a500
0x00007f2b0aac0780:   00007f2a00000002 00007f2aec8deb18
0x00007f2b0aac0790:   00007f2b0aac07c0 00007f2b0aac0870
0x00007f2b0aac07a0:   00007f2b32814540 00007f2ae8001b80
0x00007f2b0aac07b0:   00007f2b0aac0b40 00007f2b327e3718
0x00007f2b0aac07c0:   00007f2b0aac0a40 00007f2b31c029ea
0x00007f2b0aac07d0:   00007f2b00000078 00007f2b0aac0940
0x00007f2b0aac07e0:   00000000000003d8 00007f2b0aac0840
0x00007f2b0aac07f0:   00007f2b0aac08a0 00007f2b0aac08e0
0x00007f2b0aac0800:   00007f2ae8001b90 00007f2ae8001f68
0x00007f2b0aac0810:   00007f2b32751c80 000000000000000d
0x00007f2b0aac0820:   00007f2b0aac2f10 00007f2b0aac0b40
0x00007f2b0aac0830:   0000000000002a91 00007f2ae8000020
0x00007f2b0aac0840:   0000000000000006 00007f2af404d630
0x00007f2b0aac0850:   00007f2af404d630 00007f2af404d640
0x00007f2b0aac0860:   00007f2af404da18 00000000000003d8
0x00007f2b0aac0870:   0000000000000006 00007f2ae8001b80
0x00007f2b0aac0880:   00007f2ae89d0c80 00007f2ae89d5ca0
0x00007f2b0aac0890:   00007f2ae89d8c68 000000000061c8f8
0x00007f2b0aac08a0:   00007f2b0000000c 00007f2b0aac2f10
0x00007f2b0aac08b0:   00007f2b08de8020 00007f2b31addd00
0x00007f2b0aac08c0:   00007f2ae8cd8af0 00007f2a0000298a
0x00007f2b0aac08d0:   00007f2b0aac0870 00007f2ae8001b90
0x00007f2b0aac08e0:   000000000000000a 00007f2b0aac2f10
0x00007f2b0aac08f0:   00007f2ae84d4ea0 00007f2ae83506a0
0x00007f2b0aac0900:   00007f2aec466080 00007f2aec469328
0x00007f2b0aac0910:   00007f2ae847a4d0 00007f2b0aac0ab0
0x00007f2b0aac0920:   00007f2b0aac0c50 00007f2b00002420
0x00007f2b0aac0930:   00007f2b0aac0870 00007f2b31e29e3f
0x00007f2b0aac0940:   00007f2b32751ca0 00007f2b0000000d 

Instructions: (pc=0x00007f2b31bfd461)
0x00007f2b31bfd441:   04 d0 74 33 41 80 48 67 10 49 8b 47 08 49 8b 56
0x00007f2b31bfd451:   70 48 8b 40 08 48 63 48 28 49 8b 86 28 01 00 00
0x00007f2b31bfd461:   8b 04 88 48 8d 0c 40 48 8d 04 88 48 8b 4a 20 48
0x00007f2b31bfd471:   8d 04 c1 80 48 67 10 49 8b 07 4c 89 45 c8 4c 89 

Register to memory mapping:

RAX=0x00007f2ae87445b0 is an unknown value
RBX=0x0000000000000001 is an unknown value
RCX=0xffffffffec2d9588 is an unknown value
RDX=0x00007f2b0aac08a0 is pointing into the stack for thread: 0x00007f2b2c0c1800
RSP=0x00007f2b0aac0750 is pointing into the stack for thread: 0x00007f2b2c0c1800
RBP=0x00007f2b0aac07c0 is pointing into the stack for thread: 0x00007f2b2c0c1800
RSI=0x00007f2aec810f80 is an unknown value
RDI=0x00007f2ae8c8a220 is an unknown value
R8 =0x00007f2ae8dbf1a8 is an unknown value
R9 =0x00007f2ae80b4900 is an unknown value
R10=0x000000003f3fffff is an unknown value
R11=0x0000000000000206 is an unknown value
R12=0x0000000000000010 is an unknown value
R13=0x00007f2ae8d1c598 is an unknown value
R14=0x00007f2b0aac0b40 is pointing into the stack for thread: 0x00007f2b2c0c1800
R15=0x00007f2ae8c8a220 is an unknown value


Stack: [0x00007f2b0a9c5000,0x00007f2b0aac5000],  sp=0x00007f2b0aac0750,  free space=1005k
Native frames: (J=compiled Java code, j=interpreted, Vv=VM code, C=native code)
V  [libjvm.so+0x3e4461]
V  [libjvm.so+0x3e99ea]
V  [libjvm.so+0x47ff04]
V  [libjvm.so+0x482b5a]
V  [libjvm.so+0x3cbe33]
V  [libjvm.so+0x48e835]
V  [libjvm.so+0x490d27]
V  [libjvm.so+0xace7a3]
V  [libjvm.so+0xacea90]
V  [libjvm.so+0x960ed2]
C  [libpthread.so.0+0x8ea7]  start_thread+0xd7


Current CompileTask:
C2:   4852 2729   !   4       org.eclipse.xtext.util.SimpleCache::get (124 bytes)


---------------  P R O C E S S  ---------------

Java Threads: ( => current thread )
  0x00007f2b2c73c000 JavaThread "com.google.inject.internal.util.$Finalizer" daemon [_thread_blocked, id=19042, stack(0x00007f2b09aab000,0x00007f2b09bac000)]
  0x00007f2b2c610800 JavaThread "EMF Reference Cleaner" daemon [_thread_blocked, id=19041, stack(0x00007f2b09dac000,0x00007f2b09ead000)]
  0x00007f2b2c0c6800 JavaThread "Service Thread" daemon [_thread_blocked, id=19038, stack(0x00007f2b0a7c2000,0x00007f2b0a8c3000)]
  0x00007f2b2c0c3800 JavaThread "C1 CompilerThread2" daemon [_thread_blocked, id=19037, stack(0x00007f2b0a8c4000,0x00007f2b0a9c4000)]
=>0x00007f2b2c0c1800 JavaThread "C2 CompilerThread1" daemon [_thread_in_native, id=19036, stack(0x00007f2b0a9c5000,0x00007f2b0aac5000)]
  0x00007f2b2c0be800 JavaThread "C2 CompilerThread0" daemon [_thread_in_native, id=19035, stack(0x00007f2b0aac6000,0x00007f2b0abc6000)]
  0x00007f2b2c0b9000 JavaThread "Signal Dispatcher" daemon [_thread_blocked, id=19034, stack(0x00007f2b0abc6000,0x00007f2b0acc7000)]
  0x00007f2b2c08b000 JavaThread "Finalizer" daemon [_thread_blocked, id=19029, stack(0x00007f2b0afae000,0x00007f2b0b0af000)]
  0x00007f2b2c086800 JavaThread "Reference Handler" daemon [_thread_blocked, id=19028, stack(0x00007f2b0b0af000,0x00007f2b0b1b0000)]
  0x00007f2b2c00f000 JavaThread "main" [_thread_in_Java, id=19022, stack(0x00007f2b313ee000,0x00007f2b314ee000)]

Other Threads:
  0x00007f2b2c07d000 VMThread [stack: 0x00007f2b0b1b1000,0x00007f2b0b2b1000] [id=19027]
  0x00007f2b2c0c9000 WatcherThread [stack: 0x00007f2b0a6c2000,0x00007f2b0a7c2000] [id=19039]

VM state:not at safepoint (normal execution)

VM Mutex/Monitor currently owned by a thread: None

heap address: 0x0000000084a00000, size: 1974 MB, Compressed Oops mode: 32-bit
Narrow klass base: 0x0000000000000000, Narrow klass shift: 3
Compressed class space size: 1073741824 Address: 0x0000000100000000

Heap:
 PSYoungGen      total 68608K, used 21636K [0x00000000d6e00000, 0x00000000e0800000, 0x0000000100000000)
  eden space 63488K, 26% used [0x00000000d6e00000,0x00000000d7e28968,0x00000000dac00000)
  from space 5120K, 99% used [0x00000000dac00000,0x00000000db0f8720,0x00000000db100000)
  to   space 15360K, 0% used [0x00000000df900000,0x00000000df900000,0x00000000e0800000)
 ParOldGen       total 84992K, used 27960K [0x0000000084a00000, 0x0000000089d00000, 0x00000000d6e00000)
  object space 84992K, 32% used [0x0000000084a00000,0x000000008654e3c8,0x0000000089d00000)
 Metaspace       used 20665K, capacity 20952K, committed 21248K, reserved 1067008K
  class space    used 2622K, capacity 2720K, committed 2816K, reserved 1048576K

Card table byte_map: [0x00007f2b305ff000,0x00007f2b309db000] byte_map_base: 0x00007f2b301da000

Marking Bits: (ParMarkBitMap*) 0x00007f2b3281f920
 Begin Bits: [0x00007f2b1914f000, 0x00007f2b1b027000)
 End Bits:   [0x00007f2b1b027000, 0x00007f2b1ceff000)

Polling page: 0x00007f2b32ca1000

CodeCache: size=245760Kb used=10318Kb max_used=10318Kb free=235441Kb
 bounds [0x00007f2b1d000000, 0x00007f2b1da20000, 0x00007f2b2c000000]
 total_blobs=3718 nmethods=3297 adapters=332
 compilation: enabled

Compilation events (10 events):
Event: 4.829 Thread 0x00007f2b2c0c3800 3334       2       com.google.common.base.Predicates::notNull (7 bytes)
Event: 4.829 Thread 0x00007f2b2c0c3800 nmethod 3334 0x00007f2b1da18250 code [0x00007f2b1da183a0, 0x00007f2b1da184d0]
Event: 4.829 Thread 0x00007f2b2c0c3800 3335       2       com.google.common.base.Predicates$ObjectPredicate::withNarrowedType (2 bytes)
Event: 4.829 Thread 0x00007f2b2c0c3800 nmethod 3335 0x00007f2b1da18550 code [0x00007f2b1da186a0, 0x00007f2b1da187f0]
Event: 4.836 Thread 0x00007f2b2c0c3800 3336       2       org.uqbar.project.wollok.scoping.WollokImportScope$2::apply (9 bytes)
Event: 4.837 Thread 0x00007f2b2c0c3800 nmethod 3336 0x00007f2b1da18890 code [0x00007f2b1da18a00, 0x00007f2b1da18ba8]
Event: 4.837 Thread 0x00007f2b2c0c3800 3337       2       org.uqbar.project.wollok.scoping.WollokImportScope$2::apply (9 bytes)
Event: 4.837 Thread 0x00007f2b2c0c3800 nmethod 3337 0x00007f2b1da18cd0 code [0x00007f2b1da18e40, 0x00007f2b1da18fc8]
Event: 4.842 Thread 0x00007f2b2c0c3800 3338       1       org.uqbar.project.wollok.scoping.WollokImportScope::access$0 (5 bytes)
Event: 4.842 Thread 0x00007f2b2c0c3800 nmethod 3338 0x00007f2b1da19090 code [0x00007f2b1da191e0, 0x00007f2b1da192d0]

GC Heap History (10 events):
Event: 1.104 GC heap before
{Heap before GC invocations=1 (full 0):
 PSYoungGen      total 36864K, used 31744K [0x00000000d6e00000, 0x00000000d9700000, 0x0000000100000000)
  eden space 31744K, 100% used [0x00000000d6e00000,0x00000000d8d00000,0x00000000d8d00000)
  from space 5120K, 0% used [0x00000000d9200000,0x00000000d9200000,0x00000000d9700000)
  to   space 5120K, 0% used [0x00000000d8d00000,0x00000000d8d00000,0x00000000d9200000)
 ParOldGen       total 84992K, used 0K [0x0000000084a00000, 0x0000000089d00000, 0x00000000d6e00000)
  object space 84992K, 0% used [0x0000000084a00000,0x0000000084a00000,0x0000000089d00000)
 Metaspace       used 5793K, capacity 5890K, committed 6144K, reserved 1056768K
  class space    used 628K, capacity 659K, committed 768K, reserved 1048576K
Event: 1.112 GC heap after
Heap after GC invocations=1 (full 0):
 PSYoungGen      total 36864K, used 5101K [0x00000000d6e00000, 0x00000000d9700000, 0x0000000100000000)
  eden space 31744K, 0% used [0x00000000d6e00000,0x00000000d6e00000,0x00000000d8d00000)
  from space 5120K, 99% used [0x00000000d8d00000,0x00000000d91fb6d8,0x00000000d9200000)
  to   space 5120K, 0% used [0x00000000d9200000,0x00000000d9200000,0x00000000d9700000)
 ParOldGen       total 84992K, used 915K [0x0000000084a00000, 0x0000000089d00000, 0x00000000d6e00000)
  object space 84992K, 1% used [0x0000000084a00000,0x0000000084ae4cf0,0x0000000089d00000)
 Metaspace       used 5793K, capacity 5890K, committed 6144K, reserved 1056768K
  class space    used 628K, capacity 659K, committed 768K, reserved 1048576K
}
Event: 1.601 GC heap before
{Heap before GC invocations=2 (full 0):
 PSYoungGen      total 36864K, used 36845K [0x00000000d6e00000, 0x00000000d9700000, 0x0000000100000000)
  eden space 31744K, 100% used [0x00000000d6e00000,0x00000000d8d00000,0x00000000d8d00000)
  from space 5120K, 99% used [0x00000000d8d00000,0x00000000d91fb6d8,0x00000000d9200000)
  to   space 5120K, 0% used [0x00000000d9200000,0x00000000d9200000,0x00000000d9700000)
 ParOldGen       total 84992K, used 915K [0x0000000084a00000, 0x0000000089d00000, 0x00000000d6e00000)
  object space 84992K, 1% used [0x0000000084a00000,0x0000000084ae4cf0,0x0000000089d00000)
 Metaspace       used 8634K, capacity 8744K, committed 8832K, reserved 1056768K
  class space    used 1034K, capacity 1076K, committed 1152K, reserved 1048576K
Event: 1.618 GC heap after
Heap after GC invocations=2 (full 0):
 PSYoungGen      total 36864K, used 5105K [0x00000000d6e00000, 0x00000000db600000, 0x0000000100000000)
  eden space 31744K, 0% used [0x00000000d6e00000,0x00000000d6e00000,0x00000000d8d00000)
  from space 5120K, 99% used [0x00000000d9200000,0x00000000d96fc730,0x00000000d9700000)
  to   space 5120K, 0% used [0x00000000d8d00000,0x00000000d8d00000,0x00000000d9200000)
 ParOldGen       total 84992K, used 8083K [0x0000000084a00000, 0x0000000089d00000, 0x00000000d6e00000)
  object space 84992K, 9% used [0x0000000084a00000,0x00000000851e4ee8,0x0000000089d00000)
 Metaspace       used 8634K, capacity 8744K, committed 8832K, reserved 1056768K
  class space    used 1034K, capacity 1076K, committed 1152K, reserved 1048576K
}
Event: 2.097 GC heap before
{Heap before GC invocations=3 (full 0):
 PSYoungGen      total 36864K, used 36849K [0x00000000d6e00000, 0x00000000db600000, 0x0000000100000000)
  eden space 31744K, 100% used [0x00000000d6e00000,0x00000000d8d00000,0x00000000d8d00000)
  from space 5120K, 99% used [0x00000000d9200000,0x00000000d96fc730,0x00000000d9700000)
  to   space 5120K, 0% used [0x00000000d8d00000,0x00000000d8d00000,0x00000000d9200000)
 ParOldGen       total 84992K, used 8083K [0x0000000084a00000, 0x0000000089d00000, 0x00000000d6e00000)
  object space 84992K, 9% used [0x0000000084a00000,0x00000000851e4ee8,0x0000000089d00000)
 Metaspace       used 11813K, capacity 11918K, committed 12032K, reserved 1060864K
  class space    used 1463K, capacity 1493K, committed 1536K, reserved 1048576K
Event: 2.110 GC heap after
Heap after GC invocations=3 (full 0):
 PSYoungGen      total 36864K, used 5103K [0x00000000d6e00000, 0x00000000db600000, 0x0000000100000000)
  eden space 31744K, 0% used [0x00000000d6e00000,0x00000000d6e00000,0x00000000d8d00000)
  from space 5120K, 99% used [0x00000000d8d00000,0x00000000d91fbc40,0x00000000d9200000)
  to   space 5120K, 0% used [0x00000000db100000,0x00000000db100000,0x00000000db600000)
 ParOldGen       total 84992K, used 14320K [0x0000000084a00000, 0x0000000089d00000, 0x00000000d6e00000)
  object space 84992K, 16% used [0x0000000084a00000,0x00000000857fc3d8,0x0000000089d00000)
 Metaspace       used 11813K, capacity 11918K, committed 12032K, reserved 1060864K
  class space    used 1463K, capacity 1493K, committed 1536K, reserved 1048576K
}
Event: 2.518 GC heap before
{Heap before GC invocations=4 (full 0):
 PSYoungGen      total 36864K, used 36847K [0x00000000d6e00000, 0x00000000db600000, 0x0000000100000000)
  eden space 31744K, 100% used [0x00000000d6e00000,0x00000000d8d00000,0x00000000d8d00000)
  from space 5120K, 99% used [0x00000000d8d00000,0x00000000d91fbc40,0x00000000d9200000)
  to   space 5120K, 0% used [0x00000000db100000,0x00000000db100000,0x00000000db600000)
 ParOldGen       total 84992K, used 14320K [0x0000000084a00000, 0x0000000089d00000, 0x00000000d6e00000)
  object space 84992K, 16% used [0x0000000084a00000,0x00000000857fc3d8,0x0000000089d00000)
 Metaspace       used 13963K, capacity 14078K, committed 14208K, reserved 1060864K
  class space    used 1774K, capacity 1821K, committed 1920K, reserved 1048576K
Event: 2.539 GC heap after
Heap after GC invocations=4 (full 0):
 PSYoungGen      total 68608K, used 5106K [0x00000000d6e00000, 0x00000000db600000, 0x0000000100000000)
  eden space 63488K, 0% used [0x00000000d6e00000,0x00000000d6e00000,0x00000000dac00000)
  from space 5120K, 99% used [0x00000000db100000,0x00000000db5fcae0,0x00000000db600000)
  to   space 5120K, 0% used [0x00000000dac00000,0x00000000dac00000,0x00000000db100000)
 ParOldGen       total 84992K, used 19668K [0x0000000084a00000, 0x0000000089d00000, 0x00000000d6e00000)
  object space 84992K, 23% used [0x0000000084a00000,0x0000000085d35278,0x0000000089d00000)
 Metaspace       used 13963K, capacity 14078K, committed 14208K, reserved 1060864K
  class space    used 1774K, capacity 1821K, committed 1920K, reserved 1048576K
}
Event: 4.495 GC heap before
{Heap before GC invocations=5 (full 0):
 PSYoungGen      total 68608K, used 68594K [0x00000000d6e00000, 0x00000000db600000, 0x0000000100000000)
  eden space 63488K, 100% used [0x00000000d6e00000,0x00000000dac00000,0x00000000dac00000)
  from space 5120K, 99% used [0x00000000db100000,0x00000000db5fcae0,0x00000000db600000)
  to   space 5120K, 0% used [0x00000000dac00000,0x00000000dac00000,0x00000000db100000)
 ParOldGen       total 84992K, used 19668K [0x0000000084a00000, 0x0000000089d00000, 0x00000000d6e00000)
  object space 84992K, 23% used [0x0000000084a00000,0x0000000085d35278,0x0000000089d00000)
 Metaspace       used 20415K, capacity 20646K, committed 20864K, reserved 1067008K
  class space    used 2605K, capacity 2685K, committed 2688K, reserved 1048576K
Event: 4.525 GC heap after
Heap after GC invocations=5 (full 0):
 PSYoungGen      total 68608K, used 5089K [0x00000000d6e00000, 0x00000000e0800000, 0x0000000100000000)
  eden space 63488K, 0% used [0x00000000d6e00000,0x00000000d6e00000,0x00000000dac00000)
  from space 5120K, 99% used [0x00000000dac00000,0x00000000db0f8720,0x00000000db100000)
  to   space 15360K, 0% used [0x00000000df900000,0x00000000df900000,0x00000000e0800000)
 ParOldGen       total 84992K, used 27960K [0x0000000084a00000, 0x0000000089d00000, 0x00000000d6e00000)
  object space 84992K, 32% used [0x0000000084a00000,0x000000008654e3c8,0x0000000089d00000)
 Metaspace       used 20415K, capacity 20646K, committed 20864K, reserved 1067008K
  class space    used 2605K, capacity 2685K, committed 2688K, reserved 1048576K
}

Deoptimization events (10 events):
Event: 3.680 Thread 0x00007f2b2c00f000 Uncommon trap: reason=array_check action=maybe_recompile pc=0x00007f2b1d78977c method=org.eclipse.emf.common.util.BasicEList.assign(ILjava/lang/Object;)Ljava/lang/Object; @ 6
Event: 3.681 Thread 0x00007f2b2c00f000 Uncommon trap: reason=unstable_if action=reinterpret pc=0x00007f2b1d74f5f4 method=java.util.HashMap.computeIfAbsent(Ljava/lang/Object;Ljava/util/function/Function;)Ljava/lang/Object; @ 44
Event: 3.723 Thread 0x00007f2b2c00f000 Uncommon trap: reason=bimorphic action=maybe_recompile pc=0x00007f2b1d5a8b48 method=org.eclipse.emf.common.util.AbstractEList$EIterator.next()Ljava/lang/Object; @ 1
Event: 3.723 Thread 0x00007f2b2c00f000 Uncommon trap: reason=unstable_if action=reinterpret pc=0x00007f2b1d67c3c0 method=org.antlr.runtime.ANTLRStringStream.mark()I @ 4
Event: 3.724 Thread 0x00007f2b2c00f000 Uncommon trap: reason=class_check action=maybe_recompile pc=0x00007f2b1d6ef734 method=org.eclipse.xtext.nodemodel.impl.NodeModelBuilder.addChild(Lorg/eclipse/xtext/nodemodel/ICompositeNode;Lorg/eclipse/xtext/nodemodel/impl/AbstractNode;)V @ 6
Event: 3.737 Thread 0x00007f2b2c00f000 Uncommon trap: reason=class_check action=maybe_recompile pc=0x00007f2b1d6ef734 method=org.eclipse.xtext.nodemodel.impl.NodeModelBuilder.addChild(Lorg/eclipse/xtext/nodemodel/ICompositeNode;Lorg/eclipse/xtext/nodemodel/impl/AbstractNode;)V @ 6
Event: 3.737 Thread 0x00007f2b2c00f000 Uncommon trap: reason=unstable_if action=reinterpret pc=0x00007f2b1d7543e8 method=java.util.HashMap.computeIfAbsent(Ljava/lang/Object;Ljava/util/function/Function;)Ljava/lang/Object; @ 44
Event: 3.781 Thread 0x00007f2b2c00f000 Uncommon trap: reason=class_check action=maybe_recompile pc=0x00007f2b1d6ef734 method=org.eclipse.xtext.nodemodel.impl.NodeModelBuilder.addChild(Lorg/eclipse/xtext/nodemodel/ICompositeNode;Lorg/eclipse/xtext/nodemodel/impl/AbstractNode;)V @ 6
Event: 3.786 Thread 0x00007f2b2c00f000 Uncommon trap: reason=class_check action=maybe_recompile pc=0x00007f2b1d75c2e0 method=org.eclipse.xtext.nodemodel.impl.NodeModelBuilder.addChild(Lorg/eclipse/xtext/nodemodel/ICompositeNode;Lorg/eclipse/xtext/nodemodel/impl/AbstractNode;)V @ 6
Event: 4.007 Thread 0x00007f2b2c00f000 Uncommon trap: reason=unstable_if action=reinterpret pc=0x00007f2b1d4e35c8 method=java.util.concurrent.ConcurrentHashMap.putVal(Ljava/lang/Object;Ljava/lang/Object;Z)Ljava/lang/Object; @ 181

Classes redefined (0 events):
No events

Internal exceptions (10 events):
Event: 3.162 Thread 0x00007f2b2c00f000 Exception <a 'java/lang/NoSuchFieldError': method resolution failed> (0x00000000d8210868) thrown at [/build/openjdk-8-t4vlAS/openjdk-8-8u332-ga/src/hotspot/src/share/vm/prims/methodHandles.cpp, line 1176]
Event: 3.675 Thread 0x00007f2b2c00f000 Implicit null exception at 0x00007f2b1d7081ba to 0x00007f2b1d709ab5
Event: 3.681 Thread 0x00007f2b2c00f000 Implicit null exception at 0x00007f2b1d74ef91 to 0x00007f2b1d74f5d1
Event: 3.723 Thread 0x00007f2b2c00f000 Implicit null exception at 0x00007f2b1d67c2b0 to 0x00007f2b1d67c3ad
Event: 3.737 Thread 0x00007f2b2c00f000 Implicit null exception at 0x00007f2b1d75339f to 0x00007f2b1d7543bd
Event: 4.264 Thread 0x00007f2b2c00f000 Exception <a 'java/lang/reflect/InvocationTargetException'> (0x00000000da14a760) thrown at [/build/openjdk-8-t4vlAS/openjdk-8-8u332-ga/src/hotspot/src/share/vm/runtime/reflection.cpp, line 1092]
Event: 4.265 Thread 0x00007f2b2c00f000 Exception <a 'java/lang/reflect/InvocationTargetException'> (0x00000000da154c88) thrown at [/build/openjdk-8-t4vlAS/openjdk-8-8u332-ga/src/hotspot/src/share/vm/runtime/reflection.cpp, line 1092]
Event: 4.266 Thread 0x00007f2b2c00f000 Exception <a 'java/lang/reflect/InvocationTargetException'> (0x00000000da15ee78) thrown at [/build/openjdk-8-t4vlAS/openjdk-8-8u332-ga/src/hotspot/src/share/vm/runtime/reflection.cpp, line 1092]
Event: 4.266 Thread 0x00007f2b2c00f000 Exception <a 'java/lang/reflect/InvocationTargetException'> (0x00000000da169158) thrown at [/build/openjdk-8-t4vlAS/openjdk-8-8u332-ga/src/hotspot/src/share/vm/runtime/reflection.cpp, line 1092]
Event: 4.268 Thread 0x00007f2b2c00f000 Exception <a 'java/lang/reflect/InvocationTargetException'> (0x00000000da175d38) thrown at [/build/openjdk-8-t4vlAS/openjdk-8-8u332-ga/src/hotspot/src/share/vm/runtime/reflection.cpp, line 1092]

Events (10 events):
Event: 4.797 loading class org/uqbar/project/wollok/interpreter/operation/WollokDeclarativeNativeUnaryOperations$2
Event: 4.797 loading class org/uqbar/project/wollok/interpreter/operation/WollokDeclarativeNativeUnaryOperations$2 done
Event: 4.823 loading class org/uqbar/project/wollok/errorHandling/HumanReadableUtils
Event: 4.823 loading class org/uqbar/project/wollok/errorHandling/HumanReadableUtils done
Event: 4.825 loading class org/uqbar/project/wollok/errorHandling/HumanReadableUtils$1
Event: 4.825 loading class org/uqbar/project/wollok/errorHandling/HumanReadableUtils$1 done
Event: 4.826 loading class org/uqbar/project/wollok/model/WMethodContainerExtensions$37
Event: 4.826 loading class org/uqbar/project/wollok/model/WMethodContainerExtensions$37 done
Event: 4.827 loading class org/uqbar/project/wollok/model/WMethodContainerExtensions$36
Event: 4.827 loading class org/uqbar/project/wollok/model/WMethodContainerExtensions$36 done


Dynamic libraries:
84a00000-89d00000 rw-p 00000000 00:00 0 
89d00000-d6e00000 ---p 00000000 00:00 0 
d6e00000-e0800000 rw-p 00000000 00:00 0 
e0800000-100000000 ---p 00000000 00:00 0 
100000000-1002c0000 rw-p 00000000 00:00 0 
1002c0000-140000000 ---p 00000000 00:00 0 
558a2a000000-558a2a001000 r-xp 00000000 08:01 1322801                    /usr/lib/jvm/java-8-openjdk-amd64/jre/bin/java
558a2a200000-558a2a201000 r--p 00000000 08:01 1322801                    /usr/lib/jvm/java-8-openjdk-amd64/jre/bin/java
558a2a201000-558a2a202000 rw-p 00001000 08:01 1322801                    /usr/lib/jvm/java-8-openjdk-amd64/jre/bin/java
558a2b130000-558a2b151000 rw-p 00000000 00:00 0                          [heap]
7f2ad8000000-7f2ad8021000 rw-p 00000000 00:00 0 
7f2ad8021000-7f2adc000000 ---p 00000000 00:00 0 
7f2adc000000-7f2adc021000 rw-p 00000000 00:00 0 
7f2adc021000-7f2ae0000000 ---p 00000000 00:00 0 
7f2ae0000000-7f2ae0021000 rw-p 00000000 00:00 0 
7f2ae0021000-7f2ae4000000 ---p 00000000 00:00 0 
7f2ae4000000-7f2ae4021000 rw-p 00000000 00:00 0 
7f2ae4021000-7f2ae8000000 ---p 00000000 00:00 0 
7f2ae8000000-7f2ae8de7000 rw-p 00000000 00:00 0 
7f2ae8de7000-7f2aec000000 ---p 00000000 00:00 0 
7f2aec000000-7f2aecae7000 rw-p 00000000 00:00 0 
7f2aecae7000-7f2af0000000 ---p 00000000 00:00 0 
7f2af0000000-7f2af0021000 rw-p 00000000 00:00 0 
7f2af0021000-7f2af4000000 ---p 00000000 00:00 0 
7f2af4000000-7f2af4dde000 rw-p 00000000 00:00 0 
7f2af4dde000-7f2af8000000 ---p 00000000 00:00 0 
7f2af8000000-7f2af8021000 rw-p 00000000 00:00 0 
7f2af8021000-7f2afc000000 ---p 00000000 00:00 0 
7f2afc000000-7f2afc021000 rw-p 00000000 00:00 0 
7f2afc021000-7f2b00000000 ---p 00000000 00:00 0 
7f2b00000000-7f2b00021000 rw-p 00000000 00:00 0 
7f2b00021000-7f2b04000000 ---p 00000000 00:00 0 
7f2b04000000-7f2b04021000 rw-p 00000000 00:00 0 
7f2b04021000-7f2b08000000 ---p 00000000 00:00 0 
7f2b08de8000-7f2b09141000 rw-p 00000000 00:00 0 
7f2b092ab000-7f2b094ab000 rw-p 00000000 00:00 0 
7f2b094ab000-7f2b096ab000 rw-p 00000000 00:00 0 
7f2b096ab000-7f2b098ab000 rw-p 00000000 00:00 0 
7f2b098ab000-7f2b09aab000 rw-p 00000000 00:00 0 
7f2b09aab000-7f2b09aae000 ---p 00000000 00:00 0 
7f2b09aae000-7f2b09dac000 rw-p 00000000 00:00 0 
7f2b09dac000-7f2b09daf000 ---p 00000000 00:00 0 
7f2b09daf000-7f2b09ead000 rw-p 00000000 00:00 0 
7f2b09ead000-7f2b09eb0000 r--s 0000e000 08:06 7865360                    /home/mati/Documents/UNaHur/Wollok/plugins/org.uqbar.project.xinterpreter_3.0.0.jar
7f2b09eb0000-7f2b09eb1000 r--s 00095000 08:06 7866591                    /home/mati/Documents/UNaHur/Wollok/workspace/.metadata/.plugins/org.eclipse.pde.core/.external_libraries/org.uqbar.project.wollok.game_3.0.0/lib/lwjgl-platform-2.9.2-natives-windows.jar
7f2b09eb1000-7f2b09eb2000 r--s 00068000 08:06 7866590                    /home/mati/Documents/UNaHur/Wollok/workspace/.metadata/.plugins/org.eclipse.pde.core/.external_libraries/org.uqbar.project.wollok.game_3.0.0/lib/lwjgl-platform-2.9.2-natives-osx.jar
7f2b09eb2000-7f2b09eb3000 r--s 0008d000 08:06 7866589                    /home/mati/Documents/UNaHur/Wollok/workspace/.metadata/.plugins/org.eclipse.pde.core/.external_libraries/org.uqbar.project.wollok.game_3.0.0/lib/lwjgl-platform-2.9.2-natives-linux.jar
7f2b09eb3000-7f2b09ec1000 r--s 000f2000 08:06 7866588                    /home/mati/Documents/UNaHur/Wollok/workspace/.metadata/.plugins/org.eclipse.pde.core/.external_libraries/org.uqbar.project.wollok.game_3.0.0/lib/lwjgl-2.9.2.jar
7f2b09ec1000-7f2b09ec5000 r--s 00027000 08:06 7866587                    /home/mati/Documents/UNaHur/Wollok/workspace/.metadata/.plugins/org.eclipse.pde.core/.external_libraries/org.uqbar.project.wollok.game_3.0.0/lib/lwjgl_util-2.9.2.jar
7f2b09ec5000-7f2b09ec6000 r--s 00001000 08:06 7866586                    /home/mati/Documents/UNaHur/Wollok/workspace/.metadata/.plugins/org.eclipse.pde.core/.external_libraries/org.uqbar.project.wollok.game_3.0.0/lib/jutils-1.0.0.jar
7f2b09ec6000-7f2b09ecc000 r--s 00044000 08:06 7865773                    /home/mati/Documents/UNaHur/Wollok/plugins/org.eclipse.emf.edit_2.16.0.v20190920-0401.jar
7f2b09ecc000-7f2b09ece000 r--s 00017000 08:06 7866585                    /home/mati/Documents/UNaHur/Wollok/workspace/.metadata/.plugins/org.eclipse.pde.core/.external_libraries/org.uqbar.project.wollok.game_3.0.0/lib/jorbis-0.0.17.jar
7f2b09ece000-7f2b09ecf000 r--s 00015000 08:06 7866584                    /home/mati/Documents/UNaHur/Wollok/workspace/.metadata/.plugins/org.eclipse.pde.core/.external_libraries/org.uqbar.project.wollok.game_3.0.0/lib/jlayer-1.0.1-gdx.jar
7f2b09ecf000-7f2b09ed0000 r--s 00025000 08:06 7866583                    /home/mati/Documents/UNaHur/Wollok/workspace/.metadata/.plugins/org.eclipse.pde.core/.external_libraries/org.uqbar.project.wollok.game_3.0.0/lib/jinput-platform-2.0.5-natives-windows.jar
7f2b09ed0000-7f2b09ed1000 r--s 00002000 08:06 7866582                    /home/mati/Documents/UNaHur/Wollok/workspace/.metadata/.plugins/org.eclipse.pde.core/.external_libraries/org.uqbar.project.wollok.game_3.0.0/lib/jinput-platform-2.0.5-natives-osx.jar
7f2b09ed1000-7f2b09ed2000 r--s 00002000 08:06 7866581                    /home/mati/Documents/UNaHur/Wollok/workspace/.metadata/.plugins/org.eclipse.pde.core/.external_libraries/org.uqbar.project.wollok.game_3.0.0/lib/jinput-platform-2.0.5-natives-linux.jar
7f2b09ed2000-7f2b09ed6000 r--s 0002f000 08:06 7866580                    /home/mati/Documents/UNaHur/Wollok/workspace/.metadata/.plugins/org.eclipse.pde.core/.external_libraries/org.uqbar.project.wollok.game_3.0.0/lib/jinput-2.0.5.jar
7f2b09ed6000-7f2b09ed7000 r--s 000d0000 08:06 7866579                    /home/mati/Documents/UNaHur/Wollok/workspace/.metadata/.plugins/org.eclipse.pde.core/.external_libraries/org.uqbar.project.wollok.game_3.0.0/lib/gdx-platform-1.9.8-natives-desktop.jar
7f2b09ed7000-7f2b09eda000 r--s 00021000 08:06 7866578                    /home/mati/Documents/UNaHur/Wollok/workspace/.metadata/.plugins/org.eclipse.pde.core/.external_libraries/org.uqbar.project.wollok.game_3.0.0/lib/gdx-backend-lwjgl-1.9.8.jar
7f2b09eda000-7f2b09ef6000 r--s 001b9000 08:06 7866577                    /home/mati/Documents/UNaHur/Wollok/workspace/.metadata/.plugins/org.eclipse.pde.core/.external_libraries/org.uqbar.project.wollok.game_3.0.0/lib/gdx-1.9.8.jar
7f2b09ef6000-7f2b09efb000 r--s 005ee000 08:06 7865772                    /home/mati/Documents/UNaHur/Wollok/plugins/org.uqbar.project.wollok.game_3.0.0.jar
7f2b09efb000-7f2b09f07000 r--s 00096000 08:06 7865172                    /home/mati/Documents/UNaHur/Wollok/plugins/org.eclipse.ui.workbench.texteditor_3.14.0.v20191122-2108.jar
7f2b09f07000-7f2b09f0e000 r--s 00062000 08:06 7865255                    /home/mati/Documents/UNaHur/Wollok/plugins/org.apache.log4j_1.2.15.v201012070815.jar
7f2b09f0e000-7f2b09f10000 r--s 00010000 08:06 7865660                    /home/mati/Documents/UNaHur/Wollok/plugins/org.apache.commons.logging_1.2.0.v20180409-1502.jar
7f2b09f10000-7f2b09f1a000 r--s 00077000 08:06 7865647                    /home/mati/Documents/UNaHur/Wollok/plugins/org.eclipse.xtext.ide_2.20.0.v20191202-0915.jar
7f2b09f1a000-7f2b09f21000 r--s 00051000 08:06 7865366                    /home/mati/Documents/UNaHur/Wollok/plugins/org.eclipse.ltk.core.refactoring_3.10.300.v20191104-1954.jar
7f2b09f21000-7f2b09f25000 r--s 00025000 08:06 7865106                    /home/mati/Documents/UNaHur/Wollok/plugins/org.eclipse.emf.common.ui_2.18.0.v20190507-0402.jar
7f2b09f25000-7f2b09f28000 r--s 00017000 08:06 7865902                    /home/mati/Documents/UNaHur/Wollok/plugins/org.eclipse.emf.ecore.change_2.14.0.v20190528-0725.jar
7f2b09f28000-7f2b09f2b000 r--s 00018000 08:06 7865292                    /home/mati/Documents/UNaHur/Wollok/plugins/org.eclipse.ui.views_3.10.100.v20191114-0830.jar
7f2b09f2b000-7f2b09f33000 r--s 0004e000 08:06 7865266                    /home/mati/Documents/UNaHur/Wollok/plugins/org.eclipse.emf.edit.ui_2.17.0.v20190920-0412.jar
7f2b09f33000-7f2b09f39000 r--s 00043000 08:06 7865039                    /home/mati/Documents/UNaHur/Wollok/plugins/org.eclipse.text_3.10.0.v20191122-2108.jar
7f2b09f39000-7f2b09f4b000 r--s 000f2000 08:06 7865650                    /home/mati/Documents/UNaHur/Wollok/plugins/org.eclipse.jface.text_3.16.100.v20191203-1634.jar
7f2b09f4b000-7f2b09f57000 r--s 00090000 08:06 7865574                    /home/mati/Documents/UNaHur/Wollok/plugins/org.eclipse.ui.editors_3.13.0.v20191203-1122.jar
7f2b09f57000-7f2b09f8c000 r--s 00350000 08:06 7865776                    /home/mati/Documents/UNaHur/Wollok/plugins/org.eclipse.ui.workbench_3.117.0.v20191126-1131.jar
7f2b09f8c000-7f2b09f8f000 r--s 0001e000 08:06 7865177                    /home/mati/Documents/UNaHur/Wollok/plugins/org.eclipse.equinox.preferences_3.7.600.v20191017-2055.jar
7f2b09f8f000-7f2b09f93000 r--s 0001a000 08:06 7865646                    /home/mati/Documents/UNaHur/Wollok/plugins/org.eclipse.core.filebuffers_3.6.800.v20191122-2108.jar
7f2b09f93000-7f2b09f95000 r--s 00004000 08:06 7865865                    /home/mati/Documents/UNaHur/Wollok/plugins/org.eclipse.e4.ui.workbench3_0.15.300.v20190926-0808.jar
7f2b09f95000-7f2b09f99000 r--s 00019000 08:06 7865681                    /home/mati/Documents/UNaHur/Wollok/plugins/org.eclipse.core.commands_3.9.600.v20191122-2109.jar
7f2b09f99000-7f2b09fab000 r--s 000ff000 08:06 7865400                    /home/mati/Documents/UNaHur/Wollok/plugins/org.eclipse.jface_3.18.0.v20191122-2109.jar
7f2b09fab000-7f2b09fac000 r--s 00000000 08:06 7865161                    /home/mati/Documents/UNaHur/Wollok/plugins/org.eclipse.swt.nl_es_4.20.0.v20210630020001.jar
7f2b09fac000-7f2b09fba000 r--s 00206000 08:06 7865727                    /home/mati/Documents/UNaHur/Wollok/plugins/org.eclipse.swt.gtk.linux.x86_64_3.113.0.v20191204-0601.jar
7f2b09fba000-7f2b09fbb000 r--s 00004000 08:06 7865867                    /home/mati/Documents/UNaHur/Wollok/plugins/org.eclipse.swt_3.113.0.v20191204-0601.jar
7f2b09fbb000-7f2b09fc4000 r--s 0006c000 08:06 7865859                    /home/mati/Documents/UNaHur/Wollok/plugins/org.eclipse.ui_3.115.0.v20191127-1056.jar
7f2b09fc4000-7f2b09fcf000 r--s 000d0000 08:06 7865590                    /home/mati/Documents/UNaHur/Wollok/plugins/org.eclipse.core.resources_3.13.600.v20191122-2104.jar
7f2b09fcf000-7f2b09fd1000 r--s 00014000 08:06 7865597                    /home/mati/Documents/UNaHur/Wollok/plugins/org.eclipse.equinox.app_1.4.300.v20190815-1535.jar
7f2b09fd1000-7f2b09fd3000 r--s 00017000 08:06 7865645                    /home/mati/Documents/UNaHur/Wollok/plugins/org.eclipse.core.contenttype_3.7.500.v20190916-2125.jar
7f2b09fd3000-7f2b09fd4000 r--s 00000000 08:06 7865239                    /home/mati/Documents/UNaHur/Wollok/plugins/org.eclipse.equinox.registry.nl_es_4.20.0.v20210630020001.jar
7f2b09fd4000-7f2b09fd8000 r--s 0002c000 08:06 7865786                    /home/mati/Documents/UNaHur/Wollok/plugins/org.eclipse.equinox.registry_3.8.600.v20191017-2055.jar
7f2b09fd8000-7f2b09fdb000 r--s 00018000 08:06 7865594                    /home/mati/Documents/UNaHur/Wollok/plugins/org.eclipse.core.jobs_3.10.600.v20191122-2104.jar
7f2b09fdb000-7f2b09fde000 r--s 0001c000 08:06 7865721                    /home/mati/Documents/UNaHur/Wollok/plugins/org.eclipse.equinox.common_3.10.600.v20191004-1420.jar
7f2b09fde000-7f2b09fe0000 r--s 00000000 08:06 7865567                    /home/mati/Documents/UNaHur/Wollok/plugins/org.eclipse.osgi.nl_es_4.20.0.v20210630020001.jar
7f2b09fe0000-7f2b09fe3000 r--s 0003a000 08:06 7865880                    /home/mati/Documents/UNaHur/Wollok/plugins/org.eclipse.osgi.compatibility.state_1.1.600.v20190814-1451.jar
7f2b09fe3000-7f2b09ff9000 r--s 00150000 08:06 7865682                    /home/mati/Documents/UNaHur/Wollok/plugins/org.eclipse.osgi_3.15.100.v20191114-1701.jar
7f2b09ff9000-7f2b09ffb000 r--s 00011000 08:06 7865680                    /home/mati/Documents/UNaHur/Wollok/plugins/org.eclipse.core.runtime_3.17.0.v20191122-2104.jar
7f2b09ffb000-7f2b0a022000 r--s 001b7000 08:06 7865938                    /home/mati/Documents/UNaHur/Wollok/plugins/org.eclipse.xtext.ui_2.20.0.v20191202-1016.jar
7f2b0a022000-7f2b0a027000 r--s 00037000 08:06 7865097                    /home/mati/Documents/UNaHur/Wollok/plugins/org.uqbar.project.wollok.lib_3.0.0.jar
7f2b0a027000-7f2b0a05a000 r--s 002cc000 08:06 7866574                    /home/mati/Documents/UNaHur/Wollok/workspace/.metadata/.plugins/org.eclipse.pde.core/.external_libraries/org.uqbar.project.wollok.launch_3.0.0/lib/jetty-all-9.3.9.v20160517-uber.jar
7f2b0a05a000-7f2b0a05f000 r--s 0002f000 08:06 7866573                    /home/mati/Documents/UNaHur/Wollok/workspace/.metadata/.plugins/org.eclipse.pde.core/.external_libraries/org.uqbar.project.wollok.launch_3.0.0/lib/gson-2.4.jar
7f2b0a05f000-7f2b0a061000 r--s 0001a000 08:06 7866572                    /home/mati/Documents/UNaHur/Wollok/workspace/.metadata/.plugins/org.eclipse.pde.core/.external_libraries/org.uqbar.project.wollok.launch_3.0.0/lib/jansi-1.11.jar
7f2b0a061000-7f2b0a067000 r--s 00028000 08:06 7866571                    /home/mati/Documents/UNaHur/Wollok/workspace/.metadata/.plugins/org.eclipse.pde.core/.external_libraries/org.uqbar.project.wollok.launch_3.0.0/lib/lipermi-0-4-2.jar
7f2b0a067000-7f2b0a069000 r--s 00016000 08:01 1591842                    /usr/lib/jvm/java-8-openjdk-amd64/jre/lib/jce.jar
7f2b0a069000-7f2b0a07a000 r--s 001c5000 08:01 1591913                    /usr/lib/jvm/java-8-openjdk-amd64/jre/lib/jsse.jar
7f2b0a07a000-7f2b0a0ab000 rw-p 00000000 00:00 0 
7f2b0a0ab000-7f2b0a0c3000 r-xp 00000000 08:01 1591726                    /usr/lib/jvm/java-8-openjdk-amd64/jre/lib/amd64/libnet.so
7f2b0a0c3000-7f2b0a2c2000 ---p 00018000 08:01 1591726                    /usr/lib/jvm/java-8-openjdk-amd64/jre/lib/amd64/libnet.so
7f2b0a2c2000-7f2b0a2c3000 r--p 00017000 08:01 1591726                    /usr/lib/jvm/java-8-openjdk-amd64/jre/lib/amd64/libnet.so
7f2b0a2c3000-7f2b0a2c4000 rw-p 00018000 08:01 1591726                    /usr/lib/jvm/java-8-openjdk-amd64/jre/lib/amd64/libnet.so
7f2b0a2c4000-7f2b0a2d6000 r-xp 00000000 08:01 1591727                    /usr/lib/jvm/java-8-openjdk-amd64/jre/lib/amd64/libnio.so
7f2b0a2d6000-7f2b0a4d5000 ---p 00012000 08:01 1591727                    /usr/lib/jvm/java-8-openjdk-amd64/jre/lib/amd64/libnio.so
7f2b0a4d5000-7f2b0a4d6000 r--p 00011000 08:01 1591727                    /usr/lib/jvm/java-8-openjdk-amd64/jre/lib/amd64/libnio.so
7f2b0a4d6000-7f2b0a4d7000 rw-p 00012000 08:01 1591727                    /usr/lib/jvm/java-8-openjdk-amd64/jre/lib/amd64/libnio.so
7f2b0a4d7000-7f2b0a4e2000 r--s 0039f000 08:06 7865043                    /home/mati/Documents/UNaHur/Wollok/plugins/org.uqbar.project.wollok.launch_3.0.0.jar
7f2b0a4e2000-7f2b0a4f0000 r--s 0008d000 08:06 7865637                    /home/mati/Documents/UNaHur/Wollok/plugins/org.apache.commons.collections_3.2.2.v201511171945.jar
7f2b0a4f0000-7f2b0a4f3000 r--s 00010000 08:06 7865062                    /home/mati/Documents/UNaHur/Wollok/plugins/org.eclipse.xtend.lib.macro_2.20.0.v20191202-0907.jar
7f2b0a4f3000-7f2b0a4f6000 r--s 00018000 08:06 7865280                    /home/mati/Documents/UNaHur/Wollok/plugins/org.eclipse.xtend.lib_2.20.0.v20191202-0907.jar
7f2b0a4f6000-7f2b0a500000 r--s 00072000 08:06 7865168                    /home/mati/Documents/UNaHur/Wollok/plugins/org.eclipse.xtext.common.types_2.20.0.v20191202-0933.jar
7f2b0a500000-7f2b0a522000 r--s 00254000 08:06 7865621                    /home/mati/Documents/UNaHur/Wollok/plugins/org.eclipse.xtext.xbase_2.20.0.v20191202-0933.jar
7f2b0a522000-7f2b0a543000 r--s 0055c000 08:06 7865750                    /home/mati/Documents/UNaHur/Wollok/plugins/org.uqbar.project.wollok_3.0.0.jar
7f2b0a543000-7f2b0a545000 r--s 0000f000 08:06 7865357                    /home/mati/Documents/UNaHur/Wollok/plugins/org.eclipse.xtend.typesystem.emf_2.2.0.v201605260315.jar
7f2b0a545000-7f2b0a54a000 r--s 00035000 08:06 7865599                    /home/mati/Documents/UNaHur/Wollok/plugins/org.eclipse.xpand_2.2.0.v201605260315.jar
7f2b0a54a000-7f2b0a556000 r--s 0007a000 08:06 7865044                    /home/mati/Documents/UNaHur/Wollok/plugins/org.eclipse.xtend_2.2.0.v201605260315.jar
7f2b0a556000-7f2b0a55c000 r--s 00055000 08:06 7865677                    /home/mati/Documents/UNaHur/Wollok/plugins/org.eclipse.emf.codegen_2.19.0.v20190821-1536.jar
7f2b0a55c000-7f2b0a565000 r--s 00105000 08:06 7865579                    /home/mati/Documents/UNaHur/Wollok/plugins/org.eclipse.emf.codegen.ecore_2.20.0.v20191012-0918.jar
7f2b0a565000-7f2b0a569000 r--s 00024000 08:06 7865558                    /home/mati/Documents/UNaHur/Wollok/plugins/org.eclipse.xtext.xbase.lib_2.20.0.v20191202-0907.jar
7f2b0a569000-7f2b0a578000 r--s 000ea000 08:06 7865102                    /home/mati/Documents/UNaHur/Wollok/plugins/org.eclipse.xtext.xtext.generator_2.20.0.v20191202-0915.jar
7f2b0a578000-7f2b0a58b000 r--s 000c4000 08:06 7865087                    /home/mati/Documents/UNaHur/Wollok/plugins/org.eclipse.xtext.generator_2.20.0.v20191202-0933.jar
7f2b0a58b000-7f2b0a5bd000 r--s 00295000 08:06 7865868                    /home/mati/Documents/UNaHur/Wollok/plugins/com.google.guava_27.1.0.v20190517-1946.jar
7f2b0a5bd000-7f2b0a5c3000 r--s 00046000 08:06 7865040                    /home/mati/Documents/UNaHur/Wollok/plugins/org.eclipse.xtext.util_2.20.0.v20191202-0915.jar
7f2b0a5c3000-7f2b0a5c5000 r--s 00008000 08:06 7865591                    /home/mati/Documents/UNaHur/Wollok/plugins/org.eclipse.emf.mwe.utils_1.5.1.v20191121-1148.jar
7f2b0a5c5000-7f2b0a5cb000 r--s 0002a000 08:06 7865167                    /home/mati/Documents/UNaHur/Wollok/plugins/org.eclipse.emf.mwe.core_1.5.1.v20191121-1148.jar
7f2b0a5cb000-7f2b0a5d6000 r--s 00077000 08:06 7865667                    /home/mati/Documents/UNaHur/Wollok/plugins/com.google.inject_3.0.0.v201605172100.jar
7f2b0a5d6000-7f2b0a5da000 r--s 00031000 08:06 7865388                    /home/mati/Documents/UNaHur/Wollok/plugins/org.antlr.runtime_3.2.0.v201101311130.jar
7f2b0a5da000-7f2b0a5e1000 r--s 00055000 08:06 7865891                    /home/mati/Documents/UNaHur/Wollok/plugins/org.eclipse.emf.common_2.17.0.v20190920-0401.jar
7f2b0a5e1000-7f2b0a5f5000 r--s 00146000 08:06 7865176                    /home/mati/Documents/UNaHur/Wollok/plugins/org.eclipse.emf.ecore_2.20.0.v20190920-0401.jar
7f2b0a5f5000-7f2b0a5f9000 r--s 00036000 08:06 7865663                    /home/mati/Documents/UNaHur/Wollok/plugins/org.eclipse.emf.ecore.xmi_2.16.0.v20190528-0725.jar
7f2b0a5f9000-7f2b0a62b000 r--s 00265000 08:06 7865183                    /home/mati/Documents/UNaHur/Wollok/plugins/org.eclipse.xtext_2.20.0.v20191202-0915.jar
7f2b0a62b000-7f2b0a69c000 r--s 00c30000 08:06 7865562                    /home/mati/Documents/UNaHur/Wollok/plugins/com.ibm.icu_64.2.0.v20190507-1337.jar
7f2b0a69c000-7f2b0a6a0000 r--s 00041000 08:01 1591770                    /usr/lib/jvm/java-8-openjdk-amd64/jre/lib/ext/sunpkcs11.jar
7f2b0a6a0000-7f2b0a6a6000 r--s 0003d000 08:01 1591767                    /usr/lib/jvm/java-8-openjdk-amd64/jre/lib/ext/sunjce_provider.jar
7f2b0a6a6000-7f2b0a6c1000 r--s 001d6000 08:01 1591761                    /usr/lib/jvm/java-8-openjdk-amd64/jre/lib/ext/nashorn.jar
7f2b0a6c1000-7f2b0a6c2000 ---p 00000000 00:00 0 
7f2b0a6c2000-7f2b0a7c2000 rw-p 00000000 00:00 0 
7f2b0a7c2000-7f2b0a7c5000 ---p 00000000 00:00 0 
7f2b0a7c5000-7f2b0a8c3000 rw-p 00000000 00:00 0 
7f2b0a8c3000-7f2b0a8c4000 ---p 00000000 00:00 0 
7f2b0a8c4000-7f2b0a8c7000 ---p 00000000 00:00 0 
7f2b0a8c7000-7f2b0a9c4000 rw-p 00000000 00:00 0 
7f2b0a9c4000-7f2b0a9c5000 ---p 00000000 00:00 0 
7f2b0a9c5000-7f2b0a9c8000 ---p 00000000 00:00 0 
7f2b0a9c8000-7f2b0aac5000 rw-p 00000000 00:00 0 
7f2b0aac5000-7f2b0aac6000 ---p 00000000 00:00 0 
7f2b0aac6000-7f2b0aac9000 ---p 00000000 00:00 0 
7f2b0aac9000-7f2b0abc6000 rw-p 00000000 00:00 0 
7f2b0abc6000-7f2b0abc9000 ---p 00000000 00:00 0 
7f2b0abc9000-7f2b0acc7000 rw-p 00000000 00:00 0 
7f2b0acc7000-7f2b0afae000 r--p 00000000 08:01 1177718                    /usr/lib/locale/locale-archive
7f2b0afae000-7f2b0afb1000 ---p 00000000 00:00 0 
7f2b0afb1000-7f2b0b0af000 rw-p 00000000 00:00 0 
7f2b0b0af000-7f2b0b0b2000 ---p 00000000 00:00 0 
7f2b0b0b2000-7f2b0b1b0000 rw-p 00000000 00:00 0 
7f2b0b1b0000-7f2b0b1b1000 ---p 00000000 00:00 0 
7f2b0b1b1000-7f2b0c000000 rw-p 00000000 00:00 0 
7f2b0c000000-7f2b0c021000 rw-p 00000000 00:00 0 
7f2b0c021000-7f2b10000000 ---p 00000000 00:00 0 
7f2b10000000-7f2b10021000 rw-p 00000000 00:00 0 
7f2b10021000-7f2b14000000 ---p 00000000 00:00 0 
7f2b14000000-7f2b14021000 rw-p 00000000 00:00 0 
7f2b14021000-7f2b18000000 ---p 00000000 00:00 0 
7f2b18000000-7f2b18001000 r--s 00003000 08:06 7865671                    /home/mati/Documents/UNaHur/Wollok/plugins/javax.inject_1.0.0.v20091030.jar
7f2b18001000-7f2b18003000 r--s 00010000 08:01 1591779                    /usr/lib/jvm/java-8-openjdk-amd64/jre/lib/ext/zipfs.jar
7f2b18003000-7f2b1801e000 r--s 00394000 08:01 1591745                    /usr/lib/jvm/java-8-openjdk-amd64/jre/lib/ext/cldrdata.jar
7f2b1801e000-7f2b182d1000 rw-p 00000000 00:00 0 
7f2b182d1000-7f2b184a3000 r--s 03cc1000 08:01 1591931                    /usr/lib/jvm/java-8-openjdk-amd64/jre/lib/rt.jar
7f2b184a3000-7f2b1ceff000 rw-p 00000000 00:00 0 
7f2b1ceff000-7f2b1cf00000 ---p 00000000 00:00 0 
7f2b1cf00000-7f2b1d000000 rw-p 00000000 00:00 0 
7f2b1d000000-7f2b1da20000 rwxp 00000000 00:00 0 
7f2b1da20000-7f2b2c000000 ---p 00000000 00:00 0 
7f2b2c000000-7f2b2cd6d000 rw-p 00000000 00:00 0 
7f2b2cd6d000-7f2b30000000 ---p 00000000 00:00 0 
7f2b30000000-7f2b30001000 r--s 00003000 08:06 7865262                    /home/mati/Documents/UNaHur/Wollok/plugins/org.eclipse.emf.mwe2.runtime_2.11.1.v20191121-1148.jar
7f2b30001000-7f2b30003000 r--s 00008000 08:01 1591762                    /usr/lib/jvm/java-8-openjdk-amd64/jre/lib/ext/sunec.jar
7f2b30003000-7f2b30005000 r--s 0000c000 08:01 1592476                    /usr/share/java/java-atk-wrapper.jar
7f2b30005000-7f2b3000f000 r--s 00117000 08:01 1591755                    /usr/lib/jvm/java-8-openjdk-amd64/jre/lib/ext/localedata.jar
7f2b3000f000-7f2b30012000 r--s 0000f000 08:01 1591752                    /usr/lib/jvm/java-8-openjdk-amd64/jre/lib/ext/icedtea-sound.jar
7f2b30012000-7f2b30014000 r--s 00001000 08:01 1591746                    /usr/lib/jvm/java-8-openjdk-amd64/jre/lib/ext/dnsns.jar
7f2b30014000-7f2b3001b000 r--s 000d3000 08:01 1591911                    /usr/lib/jvm/java-8-openjdk-amd64/jre/lib/jfr.jar
7f2b3001b000-7f2b3006a000 rw-p 00000000 00:00 0 
7f2b3006a000-7f2b3006b000 ---p 00000000 00:00 0 
7f2b3006b000-7f2b3016b000 rw-p 00000000 00:00 0 
7f2b3016b000-7f2b3016c000 ---p 00000000 00:00 0 
7f2b3016c000-7f2b3026c000 rw-p 00000000 00:00 0 
7f2b3026c000-7f2b3026d000 ---p 00000000 00:00 0 
7f2b3026d000-7f2b30397000 rw-p 00000000 00:00 0 
7f2b30397000-7f2b305ff000 ---p 00000000 00:00 0 
7f2b305ff000-7f2b30629000 rw-p 00000000 00:00 0 
7f2b30629000-7f2b30891000 ---p 00000000 00:00 0 
7f2b30891000-7f2b308de000 rw-p 00000000 00:00 0 
7f2b308de000-7f2b309da000 ---p 00000000 00:00 0 
7f2b309da000-7f2b30a04000 rw-p 00000000 00:00 0 
7f2b30a04000-7f2b30d9b000 ---p 00000000 00:00 0 
7f2b30d9b000-7f2b30da3000 r-xp 00000000 08:01 1591734                    /usr/lib/jvm/java-8-openjdk-amd64/jre/lib/amd64/libzip.so
7f2b30da3000-7f2b30fa2000 ---p 00008000 08:01 1591734                    /usr/lib/jvm/java-8-openjdk-amd64/jre/lib/amd64/libzip.so
7f2b30fa2000-7f2b30fa3000 r--p 00007000 08:01 1591734                    /usr/lib/jvm/java-8-openjdk-amd64/jre/lib/amd64/libzip.so
7f2b30fa3000-7f2b30fa4000 rw-p 00008000 08:01 1591734                    /usr/lib/jvm/java-8-openjdk-amd64/jre/lib/amd64/libzip.so
7f2b30fa4000-7f2b30fce000 r-xp 00000000 08:01 1591715                    /usr/lib/jvm/java-8-openjdk-amd64/jre/lib/amd64/libjava.so
7f2b30fce000-7f2b311cd000 ---p 0002a000 08:01 1591715                    /usr/lib/jvm/java-8-openjdk-amd64/jre/lib/amd64/libjava.so
7f2b311cd000-7f2b311ce000 r--p 00029000 08:01 1591715                    /usr/lib/jvm/java-8-openjdk-amd64/jre/lib/amd64/libjava.so
7f2b311ce000-7f2b311d0000 rw-p 0002a000 08:01 1591715                    /usr/lib/jvm/java-8-openjdk-amd64/jre/lib/amd64/libjava.so
7f2b311d0000-7f2b311df000 r-xp 00000000 08:01 1591733                    /usr/lib/jvm/java-8-openjdk-amd64/jre/lib/amd64/libverify.so
7f2b311df000-7f2b313df000 ---p 0000f000 08:01 1591733                    /usr/lib/jvm/java-8-openjdk-amd64/jre/lib/amd64/libverify.so
7f2b313df000-7f2b313e1000 r--p 0000f000 08:01 1591733                    /usr/lib/jvm/java-8-openjdk-amd64/jre/lib/amd64/libverify.so
7f2b313e1000-7f2b313e2000 rw-p 00011000 08:01 1591733                    /usr/lib/jvm/java-8-openjdk-amd64/jre/lib/amd64/libverify.so
7f2b313e2000-7f2b313e5000 r--p 00000000 08:01 1178015                    /usr/lib/x86_64-linux-gnu/librt-2.31.so
7f2b313e5000-7f2b313e9000 r-xp 00003000 08:01 1178015                    /usr/lib/x86_64-linux-gnu/librt-2.31.so
7f2b313e9000-7f2b313ea000 r--p 00007000 08:01 1178015                    /usr/lib/x86_64-linux-gnu/librt-2.31.so
7f2b313ea000-7f2b313eb000 ---p 00008000 08:01 1178015                    /usr/lib/x86_64-linux-gnu/librt-2.31.so
7f2b313eb000-7f2b313ec000 r--p 00008000 08:01 1178015                    /usr/lib/x86_64-linux-gnu/librt-2.31.so
7f2b313ec000-7f2b313ed000 rw-p 00009000 08:01 1178015                    /usr/lib/x86_64-linux-gnu/librt-2.31.so
7f2b313ed000-7f2b313ee000 ---p 00000000 00:00 0 
7f2b313ee000-7f2b313f1000 ---p 00000000 00:00 0 
7f2b313f1000-7f2b314ee000 rw-p 00000000 00:00 0 
7f2b314ee000-7f2b314f1000 r--p 00000000 08:01 1177362                    /usr/lib/x86_64-linux-gnu/libgcc_s.so.1
7f2b314f1000-7f2b31502000 r-xp 00003000 08:01 1177362                    /usr/lib/x86_64-linux-gnu/libgcc_s.so.1
7f2b31502000-7f2b31506000 r--p 00014000 08:01 1177362                    /usr/lib/x86_64-linux-gnu/libgcc_s.so.1
7f2b31506000-7f2b31507000 r--p 00017000 08:01 1177362                    /usr/lib/x86_64-linux-gnu/libgcc_s.so.1
7f2b31507000-7f2b31508000 rw-p 00018000 08:01 1177362                    /usr/lib/x86_64-linux-gnu/libgcc_s.so.1
7f2b31508000-7f2b31517000 r--p 00000000 08:01 1178000                    /usr/lib/x86_64-linux-gnu/libm-2.31.so
7f2b31517000-7f2b315b1000 r-xp 0000f000 08:01 1178000                    /usr/lib/x86_64-linux-gnu/libm-2.31.so
7f2b315b1000-7f2b3164a000 r--p 000a9000 08:01 1178000                    /usr/lib/x86_64-linux-gnu/libm-2.31.so
7f2b3164a000-7f2b3164b000 r--p 00141000 08:01 1178000                    /usr/lib/x86_64-linux-gnu/libm-2.31.so
7f2b3164b000-7f2b3164c000 rw-p 00142000 08:01 1178000                    /usr/lib/x86_64-linux-gnu/libm-2.31.so
7f2b3164c000-7f2b316e2000 r--p 00000000 08:01 1180686                    /usr/lib/x86_64-linux-gnu/libstdc++.so.6.0.28
7f2b316e2000-7f2b317be000 r-xp 00096000 08:01 1180686                    /usr/lib/x86_64-linux-gnu/libstdc++.so.6.0.28
7f2b317be000-7f2b31808000 r--p 00172000 08:01 1180686                    /usr/lib/x86_64-linux-gnu/libstdc++.so.6.0.28
7f2b31808000-7f2b31813000 r--p 001bb000 08:01 1180686                    /usr/lib/x86_64-linux-gnu/libstdc++.so.6.0.28
7f2b31813000-7f2b31816000 rw-p 001c6000 08:01 1180686                    /usr/lib/x86_64-linux-gnu/libstdc++.so.6.0.28
7f2b31816000-7f2b31819000 rw-p 00000000 00:00 0 
7f2b31819000-7f2b3254b000 r-xp 00000000 08:01 1591736                    /usr/lib/jvm/java-8-openjdk-amd64/jre/lib/amd64/server/libjvm.so
7f2b3254b000-7f2b3274a000 ---p 00d32000 08:01 1591736                    /usr/lib/jvm/java-8-openjdk-amd64/jre/lib/amd64/server/libjvm.so
7f2b3274a000-7f2b327e0000 r--p 00d31000 08:01 1591736                    /usr/lib/jvm/java-8-openjdk-amd64/jre/lib/amd64/server/libjvm.so
7f2b327e0000-7f2b32809000 rw-p 00dc7000 08:01 1591736                    /usr/lib/jvm/java-8-openjdk-amd64/jre/lib/amd64/server/libjvm.so
7f2b32809000-7f2b3283e000 rw-p 00000000 00:00 0 
7f2b3283e000-7f2b32863000 r--p 00000000 08:01 1177377                    /usr/lib/x86_64-linux-gnu/libc-2.31.so
7f2b32863000-7f2b329ae000 r-xp 00025000 08:01 1177377                    /usr/lib/x86_64-linux-gnu/libc-2.31.so
7f2b329ae000-7f2b329f8000 r--p 00170000 08:01 1177377                    /usr/lib/x86_64-linux-gnu/libc-2.31.so
7f2b329f8000-7f2b329f9000 ---p 001ba000 08:01 1177377                    /usr/lib/x86_64-linux-gnu/libc-2.31.so
7f2b329f9000-7f2b329fc000 r--p 001ba000 08:01 1177377                    /usr/lib/x86_64-linux-gnu/libc-2.31.so
7f2b329fc000-7f2b329ff000 rw-p 001bd000 08:01 1177377                    /usr/lib/x86_64-linux-gnu/libc-2.31.so
7f2b329ff000-7f2b32a03000 rw-p 00000000 00:00 0 
7f2b32a03000-7f2b32a04000 r--p 00000000 08:01 1177999                    /usr/lib/x86_64-linux-gnu/libdl-2.31.so
7f2b32a04000-7f2b32a06000 r-xp 00001000 08:01 1177999                    /usr/lib/x86_64-linux-gnu/libdl-2.31.so
7f2b32a06000-7f2b32a07000 r--p 00003000 08:01 1177999                    /usr/lib/x86_64-linux-gnu/libdl-2.31.so
7f2b32a07000-7f2b32a08000 r--p 00003000 08:01 1177999                    /usr/lib/x86_64-linux-gnu/libdl-2.31.so
7f2b32a08000-7f2b32a09000 rw-p 00004000 08:01 1177999                    /usr/lib/x86_64-linux-gnu/libdl-2.31.so
7f2b32a09000-7f2b32a17000 r-xp 00000000 08:01 1591701                    /usr/lib/jvm/java-8-openjdk-amd64/jre/lib/amd64/jli/libjli.so
7f2b32a17000-7f2b32c16000 ---p 0000e000 08:01 1591701                    /usr/lib/jvm/java-8-openjdk-amd64/jre/lib/amd64/jli/libjli.so
7f2b32c16000-7f2b32c17000 r--p 0000d000 08:01 1591701                    /usr/lib/jvm/java-8-openjdk-amd64/jre/lib/amd64/jli/libjli.so
7f2b32c17000-7f2b32c18000 rw-p 0000e000 08:01 1591701                    /usr/lib/jvm/java-8-openjdk-amd64/jre/lib/amd64/jli/libjli.so
7f2b32c18000-7f2b32c1b000 r--p 00000000 08:01 1179563                    /usr/lib/x86_64-linux-gnu/libz.so.1.2.11
7f2b32c1b000-7f2b32c2c000 r-xp 00003000 08:01 1179563                    /usr/lib/x86_64-linux-gnu/libz.so.1.2.11
7f2b32c2c000-7f2b32c32000 r--p 00014000 08:01 1179563                    /usr/lib/x86_64-linux-gnu/libz.so.1.2.11
7f2b32c32000-7f2b32c33000 ---p 0001a000 08:01 1179563                    /usr/lib/x86_64-linux-gnu/libz.so.1.2.11
7f2b32c33000-7f2b32c34000 r--p 0001a000 08:01 1179563                    /usr/lib/x86_64-linux-gnu/libz.so.1.2.11
7f2b32c34000-7f2b32c35000 rw-p 0001b000 08:01 1179563                    /usr/lib/x86_64-linux-gnu/libz.so.1.2.11
7f2b32c35000-7f2b32c3c000 r--p 00000000 08:01 1178012                    /usr/lib/x86_64-linux-gnu/libpthread-2.31.so
7f2b32c3c000-7f2b32c4c000 r-xp 00007000 08:01 1178012                    /usr/lib/x86_64-linux-gnu/libpthread-2.31.so
7f2b32c4c000-7f2b32c51000 r--p 00017000 08:01 1178012                    /usr/lib/x86_64-linux-gnu/libpthread-2.31.so
7f2b32c51000-7f2b32c52000 r--p 0001b000 08:01 1178012                    /usr/lib/x86_64-linux-gnu/libpthread-2.31.so
7f2b32c52000-7f2b32c53000 rw-p 0001c000 08:01 1178012                    /usr/lib/x86_64-linux-gnu/libpthread-2.31.so
7f2b32c53000-7f2b32c57000 rw-p 00000000 00:00 0 
7f2b32c57000-7f2b32c58000 r--s 0000b000 08:06 7865243                    /home/mati/Documents/UNaHur/Wollok/plugins/org.apache.commons.cli_1.2.0.v201404270220.jar
7f2b32c58000-7f2b32c59000 r--s 0000a000 08:01 1591753                    /usr/lib/jvm/java-8-openjdk-amd64/jre/lib/ext/jaccess.jar
7f2b32c59000-7f2b32c61000 rw-s 00000000 08:01 9098                       /tmp/hsperfdata_mati/19021
7f2b32c61000-7f2b32c64000 r--p 00000000 08:01 1178009                    /usr/lib/x86_64-linux-gnu/libnss_files-2.31.so
7f2b32c64000-7f2b32c6b000 r-xp 00003000 08:01 1178009                    /usr/lib/x86_64-linux-gnu/libnss_files-2.31.so
7f2b32c6b000-7f2b32c6d000 r--p 0000a000 08:01 1178009                    /usr/lib/x86_64-linux-gnu/libnss_files-2.31.so
7f2b32c6d000-7f2b32c6e000 r--p 0000b000 08:01 1178009                    /usr/lib/x86_64-linux-gnu/libnss_files-2.31.so
7f2b32c6e000-7f2b32c6f000 rw-p 0000c000 08:01 1178009                    /usr/lib/x86_64-linux-gnu/libnss_files-2.31.so
7f2b32c6f000-7f2b32c78000 rw-p 00000000 00:00 0 
7f2b32c78000-7f2b32c79000 r--p 00000000 08:01 1177372                    /usr/lib/x86_64-linux-gnu/ld-2.31.so
7f2b32c79000-7f2b32c99000 r-xp 00001000 08:01 1177372                    /usr/lib/x86_64-linux-gnu/ld-2.31.so
7f2b32c99000-7f2b32ca1000 r--p 00021000 08:01 1177372                    /usr/lib/x86_64-linux-gnu/ld-2.31.so
7f2b32ca1000-7f2b32ca2000 r--p 00000000 00:00 0 
7f2b32ca2000-7f2b32ca3000 r--p 00029000 08:01 1177372                    /usr/lib/x86_64-linux-gnu/ld-2.31.so
7f2b32ca3000-7f2b32ca4000 rw-p 0002a000 08:01 1177372                    /usr/lib/x86_64-linux-gnu/ld-2.31.so
7f2b32ca4000-7f2b32ca5000 rw-p 00000000 00:00 0 
7ffe43b21000-7ffe43b44000 rw-p 00000000 00:00 0                          [stack]
7ffe43bf9000-7ffe43bfd000 r--p 00000000 00:00 0                          [vvar]
7ffe43bfd000-7ffe43bff000 r-xp 00000000 00:00 0                          [vdso]

VM Arguments:
jvm_args: -Duser.language=en_US -Dfile.encoding=UTF-8 
java_command: org.uqbar.project.wollok.launch.WollokLauncher -requestsPort 0 -eventsPort 0 -folder -dontValidate -wf src/consola.wpgm -darkMode
java_class_path (initial): /home/mati/Documents/UNaHur/Objetos 1/GIT/consola-de-juegos-los-panas-de-objetos/bin:/home/mati/Documents/UNaHur/Wollok/plugins/com.ibm.icu_64.2.0.v20190507-1337.jar:/home/mati/Documents/UNaHur/Wollok/plugins/org.eclipse.xtext_2.20.0.v20191202-0915.jar:/home/mati/Documents/UNaHur/Wollok/plugins/org.eclipse.emf.ecore.xmi_2.16.0.v20190528-0725.jar:/home/mati/Documents/UNaHur/Wollok/plugins/org.eclipse.emf.ecore_2.20.0.v20190920-0401.jar:/home/mati/Documents/UNaHur/Wollok/plugins/org.eclipse.emf.common_2.17.0.v20190920-0401.jar:/home/mati/Documents/UNaHur/Wollok/plugins/org.antlr.runtime_3.2.0.v201101311130.jar:/home/mati/Documents/UNaHur/Wollok/plugins/com.google.inject_3.0.0.v201605172100.jar:/home/mati/Documents/UNaHur/Wollok/plugins/org.eclipse.emf.mwe.core_1.5.1.v20191121-1148.jar:/home/mati/Documents/UNaHur/Wollok/plugins/org.apache.commons.cli_1.2.0.v201404270220.jar:/home/mati/Documents/UNaHur/Wollok/plugins/org.eclipse.emf.mwe2.runtime_2.11.1.v20191121-1148.jar:/home/mati/Documents/UNaHur/Wollok/plugins/org.eclipse.emf.mwe.utils_1.5.1.v20191121-1148.jar:/home/mati/Documents/UNaHur/Wollok/plugins/org.eclipse.xtext.util_2.20.0.v20191202-0915.jar:/home/mati/Documents/UNaHur/Wollok/plugins/com.google.guava_27.1.0.v20190517-1946.jar:/home/mati/Documents/UNaHur/Wollok/plugins/javax.inject_1.0.0.v20091030.jar:/home/mati/Documents/UNaHur/Wollok/plugins/org.eclipse.xtext.generator_2.20.0.v20191202-0933.jar:/home/mati/Documents/UNaHur/Wollok/plugins/org.eclipse.xtext.xtext.generator_2.20.0.v20191202-0915.jar:/home/mati/Documents/UNaHur/Wollok/plugins/org.eclipse.xtext.xbase.lib_2.20.0.v20191202-0907.jar:/home/mati/Documents/UNaHur/Wollok/plugins/org.eclipse.emf.codegen.ecore_2.20.0.v20191012-0918.jar:/home/mati/Documents/UNaHur/Wollok/plugins/org.eclipse.emf.codegen_2.19.0.v20190821-1536.jar:/home/mati/Documents/UNaHur/Wollok/plugins/org.eclipse.xtend_2.2.0.v201605260315.jar:/home/mati/Documents/UNaHur/Wollok/plugins/org.eclipse.xpand_2.2.0.
Launcher Type: SUN_STANDARD

Environment Variables:
PATH=/usr/local/bin:/usr/bin:/bin:/usr/local/games:/usr/games:/snap/bin
USERNAME=mati
SHELL=/bin/bash
DISPLAY=:0

Signal Handlers:
SIGSEGV: [libjvm.so+0xb2b5f0], sa_mask[0]=11111111011111111101111111111110, sa_flags=SA_RESTART|SA_SIGINFO
SIGBUS: [libjvm.so+0xb2b5f0], sa_mask[0]=11111111011111111101111111111110, sa_flags=SA_RESTART|SA_SIGINFO
SIGFPE: [libjvm.so+0x95ebe0], sa_mask[0]=11111111011111111101111111111110, sa_flags=SA_RESTART|SA_SIGINFO
SIGPIPE: [libjvm.so+0x95ebe0], sa_mask[0]=11111111011111111101111111111110, sa_flags=SA_RESTART|SA_SIGINFO
SIGXFSZ: [libjvm.so+0x95ebe0], sa_mask[0]=11111111011111111101111111111110, sa_flags=SA_RESTART|SA_SIGINFO
SIGILL: [libjvm.so+0x95ebe0], sa_mask[0]=11111111011111111101111111111110, sa_flags=SA_RESTART|SA_SIGINFO
SIGUSR1: SIG_DFL, sa_mask[0]=00000000000000000000000000000000, sa_flags=none
SIGUSR2: [libjvm.so+0x95f100], sa_mask[0]=00100000000000000000000000000000, sa_flags=SA_RESTART|SA_SIGINFO
SIGHUP: [libjvm.so+0x95f260], sa_mask[0]=11111111011111111101111111111110, sa_flags=SA_RESTART|SA_SIGINFO
SIGINT: [libjvm.so+0x95f260], sa_mask[0]=11111111011111111101111111111110, sa_flags=SA_RESTART|SA_SIGINFO
SIGTERM: [libjvm.so+0x95f260], sa_mask[0]=11111111011111111101111111111110, sa_flags=SA_RESTART|SA_SIGINFO
SIGQUIT: [libjvm.so+0x95f260], sa_mask[0]=11111111011111111101111111111110, sa_flags=SA_RESTART|SA_SIGINFO


---------------  S Y S T E M  ---------------

OS:PRETTY_NAME="Debian GNU/Linux 11 (bullseye)"
NAME="Debian GNU/Linux"
VERSION_ID="11"
VERSION="11 (bullseye)"
VERSION_CODENAME=bullseye
ID=debian
HOME_URL="https://www.debian.org/"
SUPPORT_URL="https://www.debian.org/support"
BUG_REPORT_URL="https://bugs.debian.org/"

uname:Linux 5.10.0-13-amd64 #1 SMP Debian 5.10.106-1 (2022-03-17) x86_64
libc:glibc 2.31 NPTL 2.31 
rlimit: STACK 8192k, CORE 0k, NPROC 31381, NOFILE 1048576, AS infinity
load average:3.16 1.53 1.21

/proc/meminfo:
MemTotal:        8079600 kB
MemFree:         1431188 kB
MemAvailable:    4496332 kB
Buffers:          196684 kB
Cached:          3308764 kB
SwapCached:            0 kB
Active:          1642420 kB
Inactive:        4477804 kB
Active(anon):       6348 kB
Inactive(anon):  2890904 kB
Active(file):    1636072 kB
Inactive(file):  1586900 kB
Unevictable:      172072 kB
Mlocked:              64 kB
SwapTotal:        999420 kB
SwapFree:         999420 kB
Dirty:              3612 kB
Writeback:             0 kB
AnonPages:       2718696 kB
Mapped:           818852 kB
Shmem:            288192 kB
KReclaimable:     125828 kB
Slab:             225572 kB
SReclaimable:     125828 kB
SUnreclaim:        99744 kB
KernelStack:       14080 kB
PageTables:        37804 kB
NFS_Unstable:          0 kB
Bounce:                0 kB
WritebackTmp:          0 kB
CommitLimit:     5039220 kB
Committed_AS:   10102600 kB
VmallocTotal:   34359738367 kB
VmallocUsed:       50892 kB
VmallocChunk:          0 kB
Percpu:             7552 kB
HardwareCorrupted:     0 kB
AnonHugePages:   1077248 kB
ShmemHugePages:        0 kB
ShmemPmdMapped:        0 kB
FileHugePages:         0 kB
FilePmdMapped:         0 kB
HugePages_Total:       0
HugePages_Free:        0
HugePages_Rsvd:        0
HugePages_Surp:        0
Hugepagesize:       2048 kB
Hugetlb:               0 kB
DirectMap4k:      271108 kB
DirectMap2M:     8050688 kB


CPU:total 4 (initial active 4) (2 cores per cpu, 2 threads per core) family 6 model 42 stepping 7, cmov, cx8, fxsr, mmx, sse, sse2, sse3, ssse3, sse4.1, sse4.2, popcnt, avx, clmul, ht, tsc, tscinvbit

/proc/cpuinfo:
processor	: 0
vendor_id	: GenuineIntel
cpu family	: 6
model		: 42
model name	: Intel(R) Core(TM) i3-2310M CPU @ 2.10GHz
stepping	: 7
microcode	: 0x2d
cpu MHz		: 2095.263
cache size	: 3072 KB
physical id	: 0
siblings	: 4
core id		: 0
cpu cores	: 2
apicid		: 0
initial apicid	: 0
fpu		: yes
fpu_exception	: yes
cpuid level	: 13
wp		: yes
flags		: fpu vme de pse tsc msr pae mce cx8 apic sep mtrr pge mca cmov pat pse36 clflush dts acpi mmx fxsr sse sse2 ht tm pbe syscall nx rdtscp lm constant_tsc arch_perfmon pebs bts rep_good nopl xtopology nonstop_tsc cpuid aperfmperf pni pclmulqdq dtes64 monitor ds_cpl vmx est tm2 ssse3 cx16 xtpr pdcm pcid sse4_1 sse4_2 x2apic popcnt tsc_deadline_timer xsave avx lahf_lm epb pti ibrs ibpb stibp tpr_shadow vnmi flexpriority ept vpid xsaveopt dtherm arat pln pts
vmx flags	: vnmi preemption_timer invvpid ept_x_only flexpriority tsc_offset vtpr mtf vapic ept vpid unrestricted_guest
bugs		: cpu_meltdown spectre_v1 spectre_v2 spec_store_bypass l1tf mds swapgs itlb_multihit
bogomips	: 4190.52
clflush size	: 64
cache_alignment	: 64
address sizes	: 36 bits physical, 48 bits virtual
power management:

processor	: 1
vendor_id	: GenuineIntel
cpu family	: 6
model		: 42
model name	: Intel(R) Core(TM) i3-2310M CPU @ 2.10GHz
stepping	: 7
microcode	: 0x2d
cpu MHz		: 2095.264
cache size	: 3072 KB
physical id	: 0
siblings	: 4
core id		: 0
cpu cores	: 2
apicid		: 1
initial apicid	: 1
fpu		: yes
fpu_exception	: yes
cpuid level	: 13
wp		: yes
flags		: fpu vme de pse tsc msr pae mce cx8 apic sep mtrr pge mca cmov pat pse36 clflush dts acpi mmx fxsr sse sse2 ht tm pbe syscall nx rdtscp lm constant_tsc arch_perfmon pebs bts rep_good nopl xtopology nonstop_tsc cpuid aperfmperf pni pclmulqdq dtes64 monitor ds_cpl vmx est tm2 ssse3 cx16 xtpr pdcm pcid sse4_1 sse4_2 x2apic popcnt tsc_deadline_timer xsave avx lahf_lm epb pti ibrs ibpb stibp tpr_shadow vnmi flexpriority ept vpid xsaveopt dtherm arat pln pts
vmx flags	: vnmi preemption_timer invvpid ept_x_only flexpriority tsc_offset vtpr mtf vapic ept vpid unrestricted_guest
bugs		: cpu_meltdown spectre_v1 spectre_v2 spec_store_bypass l1tf mds swapgs itlb_multihit
bogomips	: 4190.52
clflush size	: 64
cache_alignment	: 64
address sizes	: 36 bits physical, 48 bits virtual
power management:

processor	: 2
vendor_id	: GenuineIntel
cpu family	: 6
model		: 42
model name	: Intel(R) Core(TM) i3-2310M CPU @ 2.10GHz
stepping	: 7
microcode	: 0x2d
cpu MHz		: 2095.267
cache size	: 3072 KB
physical id	: 0
siblings	: 4
core id		: 1
cpu cores	: 2
apicid		: 2
initial apicid	: 2
fpu		: yes
fpu_exception	: yes
cpuid level	: 13
wp		: yes
flags		: fpu vme de pse tsc msr pae mce cx8 apic sep mtrr pge mca cmov pat pse36 clflush dts acpi mmx fxsr sse sse2 ht tm pbe syscall nx rdtscp lm constant_tsc arch_perfmon pebs bts rep_good nopl xtopology nonstop_tsc cpuid aperfmperf pni pclmulqdq dtes64 monitor ds_cpl vmx est tm2 ssse3 cx16 xtpr pdcm pcid sse4_1 sse4_2 x2apic popcnt tsc_deadline_timer xsave avx lahf_lm epb pti ibrs ibpb stibp tpr_shadow vnmi flexpriority ept vpid xsaveopt dtherm arat pln pts
vmx flags	: vnmi preemption_timer invvpid ept_x_only flexpriority tsc_offset vtpr mtf vapic ept vpid unrestricted_guest
bugs		: cpu_meltdown spectre_v1 spectre_v2 spec_store_bypass l1tf mds swapgs itlb_multihit
bogomips	: 4190.52
clflush size	: 64
cache_alignment	: 64
address sizes	: 36 bits physical, 48 bits virtual
power management:

processor	: 3
vendor_id	: GenuineIntel
cpu family	: 6
model		: 42
model name	: Intel(R) Core(TM) i3-2310M CPU @ 2.10GHz
stepping	: 7
microcode	: 0x2d
cpu MHz		: 2095.262
cache size	: 3072 KB
physical id	: 0
siblings	: 4
core id		: 1
cpu cores	: 2
apicid		: 3
initial apicid	: 3
fpu		: yes
fpu_exception	: yes
cpuid level	: 13
wp		: yes
flags		: fpu vme de pse tsc msr pae mce cx8 apic sep mtrr pge mca cmov pat pse36 clflush dts acpi mmx fxsr sse sse2 ht tm pbe syscall nx rdtscp lm constant_tsc arch_perfmon pebs bts rep_good nopl xtopology nonstop_tsc cpuid aperfmperf pni pclmulqdq dtes64 monitor ds_cpl vmx est tm2 ssse3 cx16 xtpr pdcm pcid sse4_1 sse4_2 x2apic popcnt tsc_deadline_timer xsave avx lahf_lm epb pti ibrs ibpb stibp tpr_shadow vnmi flexpriority ept vpid xsaveopt dtherm arat pln pts
vmx flags	: vnmi preemption_timer invvpid ept_x_only flexpriority tsc_offset vtpr mtf vapic ept vpid unrestricted_guest
bugs		: cpu_meltdown spectre_v1 spectre_v2 spec_store_bypass l1tf mds swapgs itlb_multihit
bogomips	: 4190.52
clflush size	: 64
cache_alignment	: 64
address sizes	: 36 bits physical, 48 bits virtual
power management:



Memory: 4k page, physical 8079600k(1431188k free), swap 999420k(999420k free)

vm_info: OpenJDK 64-Bit Server VM (25.332-b09) for linux-amd64 JRE (1.8.0_332-8u332-ga-1~deb9u1-b09), built on Apr 24 2022 19:07:12 by "buildd" with gcc 6.3.0 20170516

time: Sat Jun 11 18:00:14 2022
timezone: -03
elapsed time: 4.881998 seconds (0d 0h 0m 4s)

